<?xml version="1.0" encoding="UTF-8"?>
<!-- Generated by org.testng.reporters.JUnitReportReporter -->
<testsuite hostname="DESKTOP-VM7RDVD" failures="0" tests="11" name="jupitertoytestsuite.ValidateJupiterToyFlowTest" time="25.102" errors="0" timestamp="19 May 2021 04:50:22 GMT" skipped="0">
  <testcase classname="jupitertoytestsuite.ValidateJupiterToyFlowTest" name="getDriver" time="3.692"/>
  <testcase classname="jupitertoytestsuite.ValidateJupiterToyFlowTest" name="getAllToyNames" time="0.442"/>
  <testcase classname="jupitertoytestsuite.ValidateJupiterToyFlowTest" name="addAllItemsToCart" time="0.527"/>
  <testcase classname="jupitertoytestsuite.ValidateJupiterToyFlowTest" name="removeItemFromCart" time="0.483"/>
  <testcase classname="jupitertoytestsuite.ValidateJupiterToyFlowTest" name="emptyCart" time="0.199"/>
  <testcase classname="jupitertoytestsuite.ValidateJupiterToyFlowTest" name="validateEmptyFieldCheckout" time="0.998"/>
  <testcase classname="jupitertoytestsuite.ValidateJupiterToyFlowTest" name="cartCheckOut" time="0.608"/>
  <testcase classname="jupitertoytestsuite.ValidateJupiterToyFlowTest" name="confirmedShoppingAgain" time="6.286"/>
  <testcase classname="jupitertoytestsuite.ValidateJupiterToyFlowTest" name="contactUs" time="11.229"/>
  <testcase classname="jupitertoytestsuite.ValidateJupiterToyFlowTest" name="userLoginTab" time="0.375"/>
  <testcase classname="jupitertoytestsuite.ValidateJupiterToyFlowTest" name="validateEmptyFieldContact" time="0.263"/>
</testsuite> <!-- jupitertoytestsuite.ValidateJupiterToyFlowTest -->
